<?xml version="1.0" encoding="UTF-8"?>
<!-- Generated by org.testng.reporters.JUnitXMLReporter -->
<testsuite ignored="0" hostname="DESKTOP-VG1DO6Q" failures="0" tests="5" name="ChromeTest" time="79.683" errors="0" timestamp="2023-10-12T15:34:08 PDT">
  <testcase classname="testCases.TC_003_LoginDDT" name="test_LoginDDT" time="13.458"/>
  <testcase classname="testCases.TC_003_LoginDDT" name="test_LoginDDT" time="12.572"/>
  <testcase classname="testCases.TC_003_LoginDDT" name="test_LoginDDT" time="12.755"/>
  <testcase classname="testCases.TC_003_LoginDDT" name="test_LoginDDT" time="12.406"/>
  <testcase classname="testCases.TC_003_LoginDDT" name="test_LoginDDT" time="6.713"/>
</testsuite> <!-- ChromeTest -->
