<?xml version="1.0" encoding="UTF-8"?>
<testng-results ignored="0" total="5" passed="5" failed="0" skipped="0">
  <reporter-output>
  </reporter-output>
  <suite started-at="2023-10-12T15:32:47 PDT" name="OpencartSuite" finished-at="2023-10-12T15:34:06 PDT" duration-ms="79683">
    <groups>
    </groups>
    <test started-at="2023-10-12T15:32:47 PDT" name="ChromeTest" finished-at="2023-10-12T15:34:06 PDT" duration-ms="79683">
      <class name="testCases.TC_003_LoginDDT">
        <test-method is-config="true" signature="setup(java.lang.String)[pri:0, instance:testCases.TC_003_LoginDDT@12468a38]" started-at="2023-10-12T15:32:48 PDT" name="setup" finished-at="2023-10-12T15:33:02 PDT" duration-ms="14381" status="PASS">
          <params>
            <param index="0">
              <value>
                <![CDATA[chrome]]>
              </value>
            </param>
          </params>
          <reporter-output>
          </reporter-output>
        </test-method> <!-- setup -->
        <test-method signature="test_LoginDDT(java.lang.String,java.lang.String,java.lang.String)[pri:0, instance:testCases.TC_003_LoginDDT@12468a38]" started-at="2023-10-12T15:33:07 PDT" name="test_LoginDDT" data-provider="LoginData" finished-at="2023-10-12T15:33:21 PDT" duration-ms="13458" status="PASS">
          <params>
            <param index="0">
              <value>
                <![CDATA[pavanoltraining@gmail.com]]>
              </value>
            </param>
            <param index="1">
              <value>
                <![CDATA[test@123]]>
              </value>
            </param>
            <param index="2">
              <value>
                <![CDATA[Invalid]]>
              </value>
            </param>
          </params>
          <reporter-output>
          </reporter-output>
        </test-method> <!-- test_LoginDDT -->
        <test-method signature="test_LoginDDT(java.lang.String,java.lang.String,java.lang.String)[pri:0, instance:testCases.TC_003_LoginDDT@12468a38]" started-at="2023-10-12T15:33:21 PDT" name="test_LoginDDT" data-provider="LoginData" finished-at="2023-10-12T15:33:33 PDT" duration-ms="12572" status="PASS">
          <params>
            <param index="0">
              <value>
                <![CDATA[lakshmi@yahoo.com]]>
              </value>
            </param>
            <param index="1">
              <value>
                <![CDATA[Laxmi]]>
              </value>
            </param>
            <param index="2">
              <value>
                <![CDATA[Invalid]]>
              </value>
            </param>
          </params>
          <reporter-output>
          </reporter-output>
        </test-method> <!-- test_LoginDDT -->
        <test-method signature="test_LoginDDT(java.lang.String,java.lang.String,java.lang.String)[pri:0, instance:testCases.TC_003_LoginDDT@12468a38]" started-at="2023-10-12T15:33:33 PDT" name="test_LoginDDT" data-provider="LoginData" finished-at="2023-10-12T15:33:46 PDT" duration-ms="12755" status="PASS">
          <params>
            <param index="0">
              <value>
                <![CDATA[laksh@yahoo.com]]>
              </value>
            </param>
            <param index="1">
              <value>
                <![CDATA[Lakshmi]]>
              </value>
            </param>
            <param index="2">
              <value>
                <![CDATA[Invalid]]>
              </value>
            </param>
          </params>
          <reporter-output>
          </reporter-output>
        </test-method> <!-- test_LoginDDT -->
        <test-method signature="test_LoginDDT(java.lang.String,java.lang.String,java.lang.String)[pri:0, instance:testCases.TC_003_LoginDDT@12468a38]" started-at="2023-10-12T15:33:46 PDT" name="test_LoginDDT" data-provider="LoginData" finished-at="2023-10-12T15:33:59 PDT" duration-ms="12406" status="PASS">
          <params>
            <param index="0">
              <value>
                <![CDATA[laks@yahoo.com]]>
              </value>
            </param>
            <param index="1">
              <value>
                <![CDATA[xyz]]>
              </value>
            </param>
            <param index="2">
              <value>
                <![CDATA[Invalid]]>
              </value>
            </param>
          </params>
          <reporter-output>
          </reporter-output>
        </test-method> <!-- test_LoginDDT -->
        <test-method signature="test_LoginDDT(java.lang.String,java.lang.String,java.lang.String)[pri:0, instance:testCases.TC_003_LoginDDT@12468a38]" started-at="2023-10-12T15:33:59 PDT" name="test_LoginDDT" data-provider="LoginData" finished-at="2023-10-12T15:34:05 PDT" duration-ms="6713" status="PASS">
          <params>
            <param index="0">
              <value>
                <![CDATA[manas2994@gmail.com]]>
              </value>
            </param>
            <param index="1">
              <value>
                <![CDATA[test@123]]>
              </value>
            </param>
            <param index="2">
              <value>
                <![CDATA[Valid]]>
              </value>
            </param>
          </params>
          <reporter-output>
          </reporter-output>
        </test-method> <!-- test_LoginDDT -->
        <test-method is-config="true" signature="tearDown()[pri:0, instance:testCases.TC_003_LoginDDT@12468a38]" started-at="2023-10-12T15:34:05 PDT" name="tearDown" finished-at="2023-10-12T15:34:06 PDT" duration-ms="1034" status="PASS">
          <reporter-output>
          </reporter-output>
        </test-method> <!-- tearDown -->
      </class> <!-- testCases.TC_003_LoginDDT -->
    </test> <!-- ChromeTest -->
  </suite> <!-- OpencartSuite -->
</testng-results>
