<?xml version="1.0" encoding="UTF-8"?>
<testng-results ignored="0" total="1" passed="1" failed="0" skipped="0">
  <reporter-output>
  </reporter-output>
  <suite started-at="2023-10-11T05:20:40 PDT" name="OpencartSuite" finished-at="2023-10-11T05:21:00 PDT" duration-ms="20573">
    <groups>
      <group name="Master">
        <method signature="TC_002_LoginTest.test_Login()[pri:0, instance:testCases.TC_002_LoginTest@304bb45b]" name="test_Login" class="testCases.TC_002_LoginTest"/>
      </group> <!-- Master -->
      <group name="Sanity">
        <method signature="TC_002_LoginTest.test_Login()[pri:0, instance:testCases.TC_002_LoginTest@304bb45b]" name="test_Login" class="testCases.TC_002_LoginTest"/>
      </group> <!-- Sanity -->
    </groups>
    <test started-at="2023-10-11T05:20:40 PDT" name="ChromeTest" finished-at="2023-10-11T05:21:00 PDT" duration-ms="20573">
      <class name="testCases.TC_002_LoginTest">
        <test-method is-config="true" signature="setup(java.lang.String)[pri:0, instance:testCases.TC_002_LoginTest@304bb45b]" started-at="2023-10-11T05:20:41 PDT" name="setup" finished-at="2023-10-11T05:20:55 PDT" duration-ms="13449" status="PASS">
          <params>
            <param index="0">
              <value>
                <![CDATA[chrome]]>
              </value>
            </param>
          </params>
          <reporter-output>
          </reporter-output>
        </test-method> <!-- setup -->
        <test-method signature="test_Login()[pri:0, instance:testCases.TC_002_LoginTest@304bb45b]" started-at="2023-10-11T05:20:55 PDT" name="test_Login" finished-at="2023-10-11T05:20:59 PDT" duration-ms="4828" status="PASS">
          <reporter-output>
          </reporter-output>
        </test-method> <!-- test_Login -->
        <test-method is-config="true" signature="tearDown()[pri:0, instance:testCases.TC_002_LoginTest@304bb45b]" started-at="2023-10-11T05:20:59 PDT" name="tearDown" finished-at="2023-10-11T05:21:00 PDT" duration-ms="689" status="PASS">
          <reporter-output>
          </reporter-output>
        </test-method> <!-- tearDown -->
      </class> <!-- testCases.TC_002_LoginTest -->
    </test> <!-- ChromeTest -->
  </suite> <!-- OpencartSuite -->
</testng-results>
