<?xml version="1.0" encoding="UTF-8"?>
<!-- Generated by org.testng.reporters.JUnitXMLReporter -->
<testsuite ignored="2" hostname="DESKTOP-VG1DO6Q" failures="0" tests="1" name="ChromeTest" time="20.573" errors="0" timestamp="2023-10-11T05:21:02 PDT">
  <testcase classname="testCases.TC_002_LoginTest" name="test_Login" time="4.828"/>
  <testcase classname="testCases.TC_001_AccountRegistrationTest" name="test_account_Registration" time="0.0">
    <ignored/>
  </testcase> <!-- test_account_Registration -->
  <testcase classname="testCases.TC_003_LoginDDT" name="test_LoginDDT" time="0.0">
    <ignored/>
  </testcase> <!-- test_LoginDDT -->
</testsuite> <!-- ChromeTest -->
